INFO	2013-11-20 01:08:41	[CORE START] Started logging.\EOE\
INFO	2013-11-20 01:08:41	[CORE START] Loaded settings.\EOE\
INFO	2013-11-20 01:08:41	[CORE START] Established database connection.\EOE\
INFO	2013-11-20 01:08:41	[CORE START] Initialized templates.\EOE\
INFO	2013-11-20 01:08:41	[CORE START] Initialized web manager.\EOE\
INFO	2013-11-20 01:08:41	Loaded plugin 'Untitled Plugin' (46A55633-67E1-4FC1-96C6-0AEA6B1EF776).\EOE\
INFO	2013-11-20 01:08:41	[CORE START] Loaded plugins.\EOE\
INFO	2013-11-20 01:08:41	[CORE START] Started RMI service.\EOE\
INFO	2013-11-20 02:57:23	[CORE START] Started logging.\EOE\
INFO	2013-11-20 02:57:23	[CORE START] Loaded settings.\EOE\
INFO	2013-11-20 02:57:23	[CORE START] Established database connection.\EOE\
INFO	2013-11-20 02:57:23	[CORE START] Initialized templates.\EOE\
INFO	2013-11-20 02:57:23	[CORE START] Initialized web manager.\EOE\
INFO	2013-11-20 02:57:23	Loaded plugin 'Untitled Plugin' (46A55633-67E1-4FC1-96C6-0AEA6B1EF776).\EOE\
INFO	2013-11-20 02:57:23	[CORE START] Loaded plugins.\EOE\
INFO	2013-11-20 02:57:23	[CORE START] Started RMI service.\EOE\
INFO	2013-11-20 02:58:57	[CORE START] Started logging.\EOE\
INFO	2013-11-20 02:58:57	[CORE START] Loaded settings.\EOE\
INFO	2013-11-20 02:58:57	[CORE START] Established database connection.\EOE\
INFO	2013-11-20 02:58:57	[CORE START] Initialized templates.\EOE\
INFO	2013-11-20 02:58:57	[CORE START] Initialized web manager.\EOE\
INFO	2013-11-20 02:58:57	Loaded plugin 'Untitled Plugin' (46A55633-67E1-4FC1-96C6-0AEA6B1EF776).\EOE\
INFO	2013-11-20 02:58:57	[CORE START] Loaded plugins.\EOE\
INFO	2013-11-20 02:58:57	[CORE START] Started RMI service on port '1099'.\EOE\
INFO	2013-11-20 03:01:03	[CORE START] Started logging.\EOE\
INFO	2013-11-20 03:01:03	[CORE START] Loaded settings.\EOE\
INFO	2013-11-20 03:01:03	[CORE START] Established database connection.\EOE\
INFO	2013-11-20 03:01:03	[CORE START] Initialized templates.\EOE\
INFO	2013-11-20 03:01:03	[CORE START] Initialized web manager.\EOE\
INFO	2013-11-20 03:01:03	Loaded plugin 'Untitled Plugin' (46A55633-67E1-4FC1-96C6-0AEA6B1EF776).\EOE\
INFO	2013-11-20 03:01:03	[CORE START] Loaded plugins.\EOE\
INFO	2013-11-20 03:01:03	[CORE START] Started RMI service on port '1099'.\EOE\
INFO	2013-11-20 03:09:35	[CORE START] Started logging.\EOE\
INFO	2013-11-20 03:09:35	[CORE START] Loaded settings.\EOE\
INFO	2013-11-20 03:09:35	[CORE START] Established database connection.\EOE\
INFO	2013-11-20 03:09:35	[CORE START] Initialized templates.\EOE\
INFO	2013-11-20 03:09:35	[CORE START] Initialized web manager.\EOE\
INFO	2013-11-20 03:09:35	Loaded plugin 'Untitled Plugin' (46A55633-67E1-4FC1-96C6-0AEA6B1EF776).\EOE\
INFO	2013-11-20 03:09:35	[CORE START] Loaded plugins.\EOE\
INFO	2013-11-20 03:09:35	[CORE START] Started RMI service on port '1099'.\EOE\
INFO	2013-11-20 03:10:06	[CORE START] Started logging.\EOE\
INFO	2013-11-20 03:10:06	[CORE START] Loaded settings.\EOE\
INFO	2013-11-20 03:10:06	[CORE START] Established database connection.\EOE\
INFO	2013-11-20 03:10:06	[CORE START] Initialized templates.\EOE\
INFO	2013-11-20 03:10:06	[CORE START] Initialized web manager.\EOE\
INFO	2013-11-20 03:10:06	Loaded plugin 'Untitled Plugin' (46A55633-67E1-4FC1-96C6-0AEA6B1EF776).\EOE\
INFO	2013-11-20 03:10:06	[CORE START] Loaded plugins.\EOE\
INFO	2013-11-20 03:10:06	[CORE START] Started RMI service on port '1099'.\EOE\
INFO	2013-11-20 03:12:51	[CORE START] Started logging.\EOE\
INFO	2013-11-20 03:12:51	[CORE START] Loaded settings.\EOE\
INFO	2013-11-20 03:12:51	[CORE START] Established database connection.\EOE\
INFO	2013-11-20 03:12:51	[CORE START] Initialized templates.\EOE\
INFO	2013-11-20 03:12:51	[CORE START] Initialized web manager.\EOE\
INFO	2013-11-20 03:12:51	Loaded plugin 'Untitled Plugin' (46A55633-67E1-4FC1-96C6-0AEA6B1EF776).\EOE\
INFO	2013-11-20 03:12:51	[CORE START] Loaded plugins.\EOE\
INFO	2013-11-20 03:12:51	[CORE START] Started RMI service on port '1099'.\EOE\
INFO	2013-11-20 03:13:08	[CORE START] Started logging.\EOE\
INFO	2013-11-20 03:13:08	[CORE START] Loaded settings.\EOE\
INFO	2013-11-20 03:13:08	[CORE START] Established database connection.\EOE\
INFO	2013-11-20 03:13:08	[CORE START] Initialized templates.\EOE\
INFO	2013-11-20 03:13:08	[CORE START] Initialized web manager.\EOE\
INFO	2013-11-20 03:13:08	Loaded plugin 'Untitled Plugin' (46A55633-67E1-4FC1-96C6-0AEA6B1EF776).\EOE\
INFO	2013-11-20 03:13:08	[CORE START] Loaded plugins.\EOE\
INFO	2013-11-20 03:13:08	[CORE START] Started RMI service on port '1099'.\EOE\
INFO	2013-11-20 03:15:27	[CORE START] Started logging.\EOE\
INFO	2013-11-20 03:15:27	[CORE START] Loaded settings.\EOE\
INFO	2013-11-20 03:15:27	[CORE START] Established database connection.\EOE\
INFO	2013-11-20 03:15:27	[CORE START] Initialized templates.\EOE\
INFO	2013-11-20 03:15:27	[CORE START] Initialized web manager.\EOE\
INFO	2013-11-20 03:15:27	Loaded plugin 'Untitled Plugin' (46A55633-67E1-4FC1-96C6-0AEA6B1EF776).\EOE\
INFO	2013-11-20 03:15:27	[CORE START] Loaded plugins.\EOE\
INFO	2013-11-20 03:15:27	[CORE START] Started RMI service on port '1099'.\EOE\
INFO	2013-11-20 03:15:27	[CORE START] Core started.\EOE\
INFO	2013-11-20 03:20:07	[CORE START] Started logging.\EOE\
INFO	2013-11-20 03:20:07	[CORE START] Loaded settings.\EOE\
INFO	2013-11-20 03:20:07	[CORE START] Established database connection.\EOE\
INFO	2013-11-20 03:20:07	[CORE START] Initialized templates.\EOE\
INFO	2013-11-20 03:20:07	[CORE START] Initialized web manager.\EOE\
INFO	2013-11-20 03:20:07	Loaded plugin 'Untitled Plugin' (46A55633-67E1-4FC1-96C6-0AEA6B1EF776).\EOE\
INFO	2013-11-20 03:20:07	[CORE START] Loaded plugins.\EOE\
INFO	2013-11-20 03:20:07	[CORE START] Started RMI service on port '1099'.\EOE\
INFO	2013-11-20 03:20:07	[CORE START] Core started.\EOE\
INFO	2013-11-20 03:22:46	[CORE START] Started logging.\EOE\
INFO	2013-11-20 03:22:46	[CORE START] Loaded settings.\EOE\
INFO	2013-11-20 03:22:46	[CORE START] Established database connection.\EOE\
INFO	2013-11-20 03:22:46	[CORE START] Initialized templates.\EOE\
INFO	2013-11-20 03:22:46	[CORE START] Initialized web manager.\EOE\
INFO	2013-11-20 03:22:46	Loaded plugin 'Untitled Plugin' (46A55633-67E1-4FC1-96C6-0AEA6B1EF776).\EOE\
INFO	2013-11-20 03:22:46	[CORE START] Loaded plugins.\EOE\
INFO	2013-11-20 03:22:46	[CORE START] Started RMI service on port '1099'.\EOE\
INFO	2013-11-20 03:22:46	[CORE START] Core started.\EOE\
INFO	2013-11-20 03:24:04	[CORE START] Started logging.\EOE\
INFO	2013-11-20 03:24:04	[CORE START] Loaded settings.\EOE\
INFO	2013-11-20 03:24:04	[CORE START] Established database connection.\EOE\
INFO	2013-11-20 03:24:04	[CORE START] Initialized templates.\EOE\
INFO	2013-11-20 03:24:04	[CORE START] Initialized web manager.\EOE\
INFO	2013-11-20 03:24:04	Loaded plugin 'Untitled Plugin' (46A55633-67E1-4FC1-96C6-0AEA6B1EF776).\EOE\
INFO	2013-11-20 03:24:04	[CORE START] Loaded plugins.\EOE\
INFO	2013-11-20 03:24:04	[CORE START] Started RMI service on port '1099'.\EOE\
INFO	2013-11-20 03:24:04	[CORE START] Core started.\EOE\
INFO	2013-11-20 03:30:46	[CORE START] Started logging.\EOE\
INFO	2013-11-20 03:30:46	[CORE START] Loaded settings.\EOE\
INFO	2013-11-20 03:30:46	[CORE START] Established database connection.\EOE\
INFO	2013-11-20 03:30:46	[CORE START] Initialized templates.\EOE\
INFO	2013-11-20 03:30:46	[CORE START] Initialized web manager.\EOE\
INFO	2013-11-20 03:30:46	Loaded plugin 'Untitled Plugin' (46A55633-67E1-4FC1-96C6-0AEA6B1EF776).\EOE\
INFO	2013-11-20 03:30:46	[CORE START] Loaded plugins.\EOE\
INFO	2013-11-20 03:30:46	[CORE START] Started RMI service on port '1099'.\EOE\
INFO	2013-11-20 03:30:46	[CORE START] Core started.\EOE\
