ERROR	2013-11-19 00:19:49	Failed to node.config settings - 'FailedToLoad' ~ 'java.io.FileNotFoundException: node.config (The system cannot find the file specified)'.\EOE\
ERROR	2013-11-19 00:23:00	Failed to load plugins.\EOE\
ERROR	2013-11-19 00:23:30	Failed to load plugins.\EOE\
WARNING	2013-11-19 00:33:38	Failed to load potential JAR at '_plugins\Example\Plugin__Example.jar'. - Exception: 'java.io.IOException: Invalid input-stream!'; cause: 'Invalid input-stream!' Stack-trace: 'pals.base.utils.JarIOException: java.io.IOException: Invalid input-stream!
	at pals.base.utils.JarIO.fetchFileText(JarIO.java:99)
	at pals.base.PluginManager.load(PluginManager.java:131)
	at pals.base.PluginManager.load(PluginManager.java:107)
	at pals.base.NodeCore.start(NodeCore.java:110)
	at Main.main(Main.java:58)
Caused by: java.io.IOException: Invalid input-stream!
	at pals.base.utils.Files.fileRead(Files.java:75)
	at pals.base.utils.JarIO.fetchFileText(JarIO.java:95)
	... 4 more
'.\EOE\
ERROR	2013-11-19 00:33:38	Failed to load plugins.\EOE\
ERROR	2013-11-19 00:37:48	Failed to load plugin at '_plugins\Example\Plugin__Example.jar' - incorrect UUID.\EOE\
ERROR	2013-11-19 00:37:48	Failed to load plugins.\EOE\
ERROR	2013-11-19 00:39:06	Failed to load plugin at '_plugins\Example\Plugin__Example.jar' - incorrect UUID 'null'.\EOE\
ERROR	2013-11-19 00:39:06	Failed to load plugins.\EOE\
ERROR	2013-11-19 20:57:41	Failed to load plugin at '_plugins\Example\Plugin__Example.jar' - incorrect UUID 'null'.\EOE\
ERROR	2013-11-19 20:57:41	Failed to load plugins.\EOE\
ERROR	2013-11-19 20:58:36	Failed to load plugin at '_plugins\Example\Plugin__Example.jar' - incorrect UUID '
            '.\EOE\
ERROR	2013-11-19 20:58:36	Failed to load plugins.\EOE\
ERROR	2013-11-19 20:59:59	Failed to load plugin at '_plugins\Example\Plugin__Example.jar' - incorrect UUID '
            '.\EOE\
ERROR	2013-11-19 20:59:59	Failed to load plugins.\EOE\
ERROR	2013-11-19 21:00:32	Failed to load plugin at '_plugins\Example\Plugin__Example.jar' - incorrect UUID '
            '.\EOE\
ERROR	2013-11-19 21:00:32	Failed to load plugins.\EOE\
ERROR	2013-11-19 21:01:00	Failed to load plugin at '_plugins\Example\Plugin__Example.jar' - incorrect UUID '
            '.\EOE\
ERROR	2013-11-19 21:01:00	Failed to load plugins.\EOE\
ERROR	2013-11-19 21:01:24	Failed to load class of plugin at '_plugins\Example\Plugin__Example.jar'. - Exception: 'java.lang.ClassNotFoundException: 
            '; cause: '
            ' Stack-trace: 'pals.base.utils.JarIOException: java.lang.ClassNotFoundException: 
            
	at pals.base.utils.JarIO.fetchClassType(JarIO.java:47)
	at pals.base.PluginManager.load(PluginManager.java:154)
	at pals.base.PluginManager.load(PluginManager.java:107)
	at pals.base.NodeCore.start(NodeCore.java:110)
	at Main.main(Main.java:58)
Caused by: java.lang.ClassNotFoundException: 
            
	at java.net.URLClassLoader$1.run(URLClassLoader.java:366)
	at java.net.URLClassLoader$1.run(URLClassLoader.java:355)
	at java.security.AccessController.doPrivileged(Native Method)
	at java.net.URLClassLoader.findClass(URLClassLoader.java:354)
	at java.lang.ClassLoader.loadClass(ClassLoader.java:423)
	at java.net.FactoryURLClassLoader.loadClass(URLClassLoader.java:789)
	at java.lang.ClassLoader.loadClass(ClassLoader.java:356)
	at pals.base.utils.JarIO.fetchClassType(JarIO.java:43)
	... 4 more
'.\EOE\
ERROR	2013-11-19 21:01:24	Failed to load plugins.\EOE\
ERROR	2013-11-19 21:02:28	Failed to load class of plugin at '_plugins\Example\Plugin__Example.jar'. - Exception: 'java.lang.ClassNotFoundException: 
            '; cause: '
            ' Stack-trace: 'pals.base.utils.JarIOException: java.lang.ClassNotFoundException: 
            
	at pals.base.utils.JarIO.fetchClassType(JarIO.java:47)
	at pals.base.PluginManager.load(PluginManager.java:154)
	at pals.base.PluginManager.load(PluginManager.java:107)
	at pals.base.NodeCore.start(NodeCore.java:110)
	at Main.main(Main.java:58)
Caused by: java.lang.ClassNotFoundException: 
            
	at java.net.URLClassLoader$1.run(URLClassLoader.java:366)
	at java.net.URLClassLoader$1.run(URLClassLoader.java:355)
	at java.security.AccessController.doPrivileged(Native Method)
	at java.net.URLClassLoader.findClass(URLClassLoader.java:354)
	at java.lang.ClassLoader.loadClass(ClassLoader.java:423)
	at java.net.FactoryURLClassLoader.loadClass(URLClassLoader.java:789)
	at java.lang.ClassLoader.loadClass(ClassLoader.java:356)
	at pals.base.utils.JarIO.fetchClassType(JarIO.java:43)
	... 4 more
'.\EOE\
ERROR	2013-11-19 21:02:28	Failed to load plugins.\EOE\
ERROR	2013-11-19 21:02:44	Failed to load class of plugin at '_plugins\Example\Plugin__Example.jar'. - Exception: 'java.lang.ClassNotFoundException: 
            '; cause: '
            ' Stack-trace: 'pals.base.utils.JarIOException: java.lang.ClassNotFoundException: 
            
	at pals.base.utils.JarIO.fetchClassType(JarIO.java:47)
	at pals.base.PluginManager.load(PluginManager.java:154)
	at pals.base.PluginManager.load(PluginManager.java:107)
	at pals.base.NodeCore.start(NodeCore.java:110)
	at Main.main(Main.java:58)
Caused by: java.lang.ClassNotFoundException: 
            
	at java.net.URLClassLoader$1.run(URLClassLoader.java:366)
	at java.net.URLClassLoader$1.run(URLClassLoader.java:355)
	at java.security.AccessController.doPrivileged(Native Method)
	at java.net.URLClassLoader.findClass(URLClassLoader.java:354)
	at java.lang.ClassLoader.loadClass(ClassLoader.java:423)
	at java.net.FactoryURLClassLoader.loadClass(URLClassLoader.java:789)
	at java.lang.ClassLoader.loadClass(ClassLoader.java:356)
	at pals.base.utils.JarIO.fetchClassType(JarIO.java:43)
	... 4 more
'.\EOE\
ERROR	2013-11-19 21:02:44	Failed to load plugins.\EOE\
ERROR	2013-11-19 21:03:54	Failed to load plugin at '_plugins\Example\Plugin__Example.jar' - incorrect UUID '
            '.\EOE\
ERROR	2013-11-19 21:03:54	Failed to load plugins.\EOE\
ERROR	2013-11-19 21:04:29	Plugin 'Untitled Plugin' (46A55633-67E1-4FC1-96C6-0AEA6B1EF776) failed to load!\EOE\
ERROR	2013-11-19 21:04:29	Failed to load plugins.\EOE\
ERROR	2013-11-19 21:04:54	Plugin 'Untitled Plugin' (46A55633-67E1-4FC1-96C6-0AEA6B1EF776) failed to load!\EOE\
ERROR	2013-11-19 21:04:54	Failed to load plugins.\EOE\
INFO	2013-11-19 21:06:52	Loaded plugin 'Untitled Plugin' (46A55633-67E1-4FC1-96C6-0AEA6B1EF776).\EOE\
ERROR	2013-11-19 21:06:52	Failed to load templates.\EOE\
INFO	2013-11-19 21:09:49	[CORE START] Started logging.\EOE\
INFO	2013-11-19 21:09:49	[CORE START] Loaded settings.\EOE\
INFO	2013-11-19 21:09:49	[CORE START] Established database connection.\EOE\
INFO	2013-11-19 21:09:49	Loaded plugin 'Untitled Plugin' (46A55633-67E1-4FC1-96C6-0AEA6B1EF776).\EOE\
INFO	2013-11-19 21:09:49	[CORE START] Loaded plugins.\EOE\
ERROR	2013-11-19 21:09:49	Failed to load templates.\EOE\
INFO	2013-11-19 21:12:13	[CORE START] Started logging.\EOE\
INFO	2013-11-19 21:12:13	[CORE START] Loaded settings.\EOE\
WARNING	2013-11-19 21:12:13	Could not create database connector. - Exception: 'java.lang.ClassNotFoundException: org.postgresql.Driver'; cause: 'org.postgresql.Driver' Stack-trace: 'pals.base.database.DatabaseException: java.lang.ClassNotFoundException: org.postgresql.Driver
	at pals.base.database.connectors.Postgres.connect(Postgres.java:45)
	at pals.base.NodeCore.createConnector(NodeCore.java:204)
	at pals.base.NodeCore.start(NodeCore.java:94)
	at Main.main(Main.java:58)
Caused by: java.lang.ClassNotFoundException: org.postgresql.Driver
	at java.net.URLClassLoader$1.run(URLClassLoader.java:366)
	at java.net.URLClassLoader$1.run(URLClassLoader.java:355)
	at java.security.AccessController.doPrivileged(Native Method)
	at java.net.URLClassLoader.findClass(URLClassLoader.java:354)
	at java.lang.ClassLoader.loadClass(ClassLoader.java:423)
	at sun.misc.Launcher$AppClassLoader.loadClass(Launcher.java:308)
	at java.lang.ClassLoader.loadClass(ClassLoader.java:356)
	at java.lang.Class.forName0(Native Method)
	at java.lang.Class.forName(Class.java:186)
	at pals.base.database.connectors.Postgres.connect(Postgres.java:39)
	... 3 more
'.\EOE\
INFO	2013-11-19 21:12:13	[CORE START] Established database connection.\EOE\
INFO	2013-11-19 21:12:13	Loaded plugin 'Untitled Plugin' (46A55633-67E1-4FC1-96C6-0AEA6B1EF776).\EOE\
INFO	2013-11-19 21:12:13	[CORE START] Loaded plugins.\EOE\
ERROR	2013-11-19 21:12:13	Failed to load templates.\EOE\
INFO	2013-11-19 21:13:39	[CORE START] Started logging.\EOE\
INFO	2013-11-19 21:13:39	[CORE START] Loaded settings.\EOE\
WARNING	2013-11-19 21:13:39	Could not create database connector. - Exception: 'java.lang.ClassNotFoundException: org.postgresql.Driver'; cause: 'org.postgresql.Driver' Stack-trace: 'pals.base.database.DatabaseException: java.lang.ClassNotFoundException: org.postgresql.Driver
	at pals.base.database.connectors.Postgres.connect(Postgres.java:45)
	at pals.base.NodeCore.createConnector(NodeCore.java:207)
	at pals.base.NodeCore.start(NodeCore.java:94)
	at Main.main(Main.java:58)
Caused by: java.lang.ClassNotFoundException: org.postgresql.Driver
	at java.net.URLClassLoader$1.run(URLClassLoader.java:366)
	at java.net.URLClassLoader$1.run(URLClassLoader.java:355)
	at java.security.AccessController.doPrivileged(Native Method)
	at java.net.URLClassLoader.findClass(URLClassLoader.java:354)
	at java.lang.ClassLoader.loadClass(ClassLoader.java:423)
	at sun.misc.Launcher$AppClassLoader.loadClass(Launcher.java:308)
	at java.lang.ClassLoader.loadClass(ClassLoader.java:356)
	at java.lang.Class.forName0(Native Method)
	at java.lang.Class.forName(Class.java:186)
	at pals.base.database.connectors.Postgres.connect(Postgres.java:39)
	... 3 more
'.\EOE\
ERROR	2013-11-19 21:13:39	Failed to create database connector.\EOE\
INFO	2013-11-19 21:14:47	[CORE START] Started logging.\EOE\
INFO	2013-11-19 21:14:47	[CORE START] Loaded settings.\EOE\
WARNING	2013-11-19 21:14:47	Could not create database connector. - Exception: 'java.lang.ClassNotFoundException: org.postgresql.Driver'; cause: 'org.postgresql.Driver' Stack-trace: 'pals.base.database.DatabaseException: java.lang.ClassNotFoundException: org.postgresql.Driver
	at pals.base.database.connectors.Postgres.connect(Postgres.java:45)
	at pals.base.NodeCore.createConnector(NodeCore.java:207)
	at pals.base.NodeCore.start(NodeCore.java:94)
	at Main.main(Main.java:58)
Caused by: java.lang.ClassNotFoundException: org.postgresql.Driver
	at java.net.URLClassLoader$1.run(URLClassLoader.java:366)
	at java.net.URLClassLoader$1.run(URLClassLoader.java:355)
	at java.security.AccessController.doPrivileged(Native Method)
	at java.net.URLClassLoader.findClass(URLClassLoader.java:354)
	at java.lang.ClassLoader.loadClass(ClassLoader.java:423)
	at sun.misc.Launcher$AppClassLoader.loadClass(Launcher.java:308)
	at java.lang.ClassLoader.loadClass(ClassLoader.java:356)
	at java.lang.Class.forName0(Native Method)
	at java.lang.Class.forName(Class.java:186)
	at pals.base.database.connectors.Postgres.connect(Postgres.java:39)
	... 3 more
'.\EOE\
ERROR	2013-11-19 21:14:47	Failed to create database connector.\EOE\
INFO	2013-11-19 21:16:15	[CORE START] Started logging.\EOE\
INFO	2013-11-19 21:16:15	[CORE START] Loaded settings.\EOE\
WARNING	2013-11-19 21:16:15	Could not create database connector. - Exception: 'java.lang.ClassNotFoundException: org.postgresql.Driver'; cause: 'org.postgresql.Driver' Stack-trace: 'pals.base.database.DatabaseException: java.lang.ClassNotFoundException: org.postgresql.Driver
	at pals.base.database.connectors.Postgres.connect(Postgres.java:45)
	at pals.base.NodeCore.createConnector(NodeCore.java:207)
	at pals.base.NodeCore.start(NodeCore.java:94)
	at Main.main(Main.java:58)
Caused by: java.lang.ClassNotFoundException: org.postgresql.Driver
	at java.net.URLClassLoader$1.run(URLClassLoader.java:366)
	at java.net.URLClassLoader$1.run(URLClassLoader.java:355)
	at java.security.AccessController.doPrivileged(Native Method)
	at java.net.URLClassLoader.findClass(URLClassLoader.java:354)
	at java.lang.ClassLoader.loadClass(ClassLoader.java:423)
	at sun.misc.Launcher$AppClassLoader.loadClass(Launcher.java:308)
	at java.lang.ClassLoader.loadClass(ClassLoader.java:356)
	at java.lang.Class.forName0(Native Method)
	at java.lang.Class.forName(Class.java:186)
	at pals.base.database.connectors.Postgres.connect(Postgres.java:39)
	... 3 more
'.\EOE\
ERROR	2013-11-19 21:16:15	Failed to create database connector.\EOE\
INFO	2013-11-19 21:17:23	[CORE START] Started logging.\EOE\
INFO	2013-11-19 21:17:23	[CORE START] Loaded settings.\EOE\
INFO	2013-11-19 21:17:23	[CORE START] Established database connection.\EOE\
INFO	2013-11-19 21:17:23	Loaded plugin 'Untitled Plugin' (46A55633-67E1-4FC1-96C6-0AEA6B1EF776).\EOE\
INFO	2013-11-19 21:17:23	[CORE START] Loaded plugins.\EOE\
ERROR	2013-11-19 21:17:23	Failed to load templates.\EOE\
INFO	2013-11-19 21:17:33	[CORE START] Started logging.\EOE\
INFO	2013-11-19 21:17:33	[CORE START] Loaded settings.\EOE\
WARNING	2013-11-19 21:17:33	Could not create database connector. - Exception: 'org.postgresql.util.PSQLException: Connection refused. Check that the hostname and port are correct and that the postmaster is accepting TCP/IP connections.'; cause: 'Connection refused. Check that the hostname and port are correct and that the postmaster is accepting TCP/IP connections.' Stack-trace: 'pals.base.database.DatabaseException: org.postgresql.util.PSQLException: Connection refused. Check that the hostname and port are correct and that the postmaster is accepting TCP/IP connections.
	at pals.base.database.connectors.Postgres.connect(Postgres.java:45)
	at pals.base.NodeCore.createConnector(NodeCore.java:207)
	at pals.base.NodeCore.start(NodeCore.java:94)
	at Main.main(Main.java:58)
Caused by: org.postgresql.util.PSQLException: Connection refused. Check that the hostname and port are correct and that the postmaster is accepting TCP/IP connections.
	at org.postgresql.core.v3.ConnectionFactoryImpl.openConnectionImpl(ConnectionFactoryImpl.java:207)
	at org.postgresql.core.ConnectionFactory.openConnection(ConnectionFactory.java:64)
	at org.postgresql.jdbc2.AbstractJdbc2Connection.<init>(AbstractJdbc2Connection.java:136)
	at org.postgresql.jdbc3.AbstractJdbc3Connection.<init>(AbstractJdbc3Connection.java:29)
	at org.postgresql.jdbc3g.AbstractJdbc3gConnection.<init>(AbstractJdbc3gConnection.java:21)
	at org.postgresql.jdbc3g.Jdbc3gConnection.<init>(Jdbc3gConnection.java:24)
	at org.postgresql.Driver.makeConnection(Driver.java:397)
	at org.postgresql.Driver.connect(Driver.java:267)
	at java.sql.DriverManager.getConnection(DriverManager.java:579)
	at java.sql.DriverManager.getConnection(DriverManager.java:221)
	at pals.base.database.connectors.Postgres.connect(Postgres.java:41)
	... 3 more
Caused by: java.net.ConnectException: Connection refused: connect
	at java.net.DualStackPlainSocketImpl.connect0(Native Method)
	at java.net.DualStackPlainSocketImpl.socketConnect(DualStackPlainSocketImpl.java:69)
	at java.net.AbstractPlainSocketImpl.doConnect(AbstractPlainSocketImpl.java:339)
	at java.net.AbstractPlainSocketImpl.connectToAddress(AbstractPlainSocketImpl.java:200)
	at java.net.AbstractPlainSocketImpl.connect(AbstractPlainSocketImpl.java:182)
	at java.net.PlainSocketImpl.connect(PlainSocketImpl.java:157)
	at java.net.SocksSocketImpl.connect(SocksSocketImpl.java:391)
	at java.net.Socket.connect(Socket.java:579)
	at java.net.Socket.connect(Socket.java:528)
	at org.postgresql.core.PGStream.<init>(PGStream.java:60)
	at org.postgresql.core.v3.ConnectionFactoryImpl.openConnectionImpl(ConnectionFactoryImpl.java:101)
	... 13 more
'.\EOE\
ERROR	2013-11-19 21:17:33	Failed to create database connector.\EOE\
INFO	2013-11-19 21:17:42	[CORE START] Started logging.\EOE\
INFO	2013-11-19 21:17:42	[CORE START] Loaded settings.\EOE\
INFO	2013-11-19 21:17:42	[CORE START] Established database connection.\EOE\
INFO	2013-11-19 21:17:42	Loaded plugin 'Untitled Plugin' (46A55633-67E1-4FC1-96C6-0AEA6B1EF776).\EOE\
INFO	2013-11-19 21:17:42	[CORE START] Loaded plugins.\EOE\
ERROR	2013-11-19 21:17:42	Failed to load templates.\EOE\
INFO	2013-11-19 21:42:15	[CORE START] Started logging.\EOE\
INFO	2013-11-19 21:42:15	[CORE START] Loaded settings.\EOE\
INFO	2013-11-19 21:42:15	[CORE START] Established database connection.\EOE\
INFO	2013-11-19 21:42:15	Loaded plugin 'Untitled Plugin' (46A55633-67E1-4FC1-96C6-0AEA6B1EF776).\EOE\
INFO	2013-11-19 21:42:15	[CORE START] Loaded plugins.\EOE\
INFO	2013-11-19 21:42:15	Re-registering all templates...\EOE\
INFO	2013-11-19 21:42:15	Finished re-registering all templates.\EOE\
INFO	2013-11-19 21:42:15	[CORE START] Loaded templates.\EOE\
INFO	2013-11-19 21:42:15	[CORE START] Started RMI service.\EOE\
INFO	2013-11-19 22:18:17	[CORE START] Started logging.\EOE\
INFO	2013-11-19 22:18:17	[CORE START] Loaded settings.\EOE\
INFO	2013-11-19 22:18:17	[CORE START] Established database connection.\EOE\
INFO	2013-11-19 22:18:17	Loaded plugin 'Untitled Plugin' (46A55633-67E1-4FC1-96C6-0AEA6B1EF776).\EOE\
INFO	2013-11-19 22:18:17	[CORE START] Loaded plugins.\EOE\
INFO	2013-11-19 22:18:17	Re-registering all templates...\EOE\
INFO	2013-11-19 22:18:17	Finished re-registering all templates.\EOE\
INFO	2013-11-19 22:18:17	[CORE START] Loaded templates.\EOE\
INFO	2013-11-19 22:18:17	[CORE START] Started RMI service.\EOE\
INFO	2013-11-19 22:18:34	[CORE START] Started logging.\EOE\
INFO	2013-11-19 22:18:34	[CORE START] Loaded settings.\EOE\
INFO	2013-11-19 22:18:34	[CORE START] Established database connection.\EOE\
INFO	2013-11-19 22:18:34	Loaded plugin 'Untitled Plugin' (46A55633-67E1-4FC1-96C6-0AEA6B1EF776).\EOE\
INFO	2013-11-19 22:18:34	[CORE START] Loaded plugins.\EOE\
INFO	2013-11-19 22:18:34	Re-registering all templates...\EOE\
INFO	2013-11-19 22:18:34	Finished re-registering all templates.\EOE\
INFO	2013-11-19 22:18:34	[CORE START] Loaded templates.\EOE\
INFO	2013-11-19 22:18:34	[CORE START] Started RMI service.\EOE\
